000 (447.000.000) 2024-12-12 17:08:17 Job submitted from host: <192.168.10.147:9618?addrs=192.168.10.147-9618&alias=schedd03.wn.iihe.ac.be&noUDP&sock=schedd_1873_4cf9>
...
000 (447.001.000) 2024-12-12 17:08:17 Job submitted from host: <192.168.10.147:9618?addrs=192.168.10.147-9618&alias=schedd03.wn.iihe.ac.be&noUDP&sock=schedd_1873_4cf9>
...
000 (447.002.000) 2024-12-12 17:08:17 Job submitted from host: <192.168.10.147:9618?addrs=192.168.10.147-9618&alias=schedd03.wn.iihe.ac.be&noUDP&sock=schedd_1873_4cf9>
...
000 (447.003.000) 2024-12-12 17:08:17 Job submitted from host: <192.168.10.147:9618?addrs=192.168.10.147-9618&alias=schedd03.wn.iihe.ac.be&noUDP&sock=schedd_1873_4cf9>
...
000 (447.004.000) 2024-12-12 17:08:17 Job submitted from host: <192.168.10.147:9618?addrs=192.168.10.147-9618&alias=schedd03.wn.iihe.ac.be&noUDP&sock=schedd_1873_4cf9>
...
000 (447.005.000) 2024-12-12 17:08:17 Job submitted from host: <192.168.10.147:9618?addrs=192.168.10.147-9618&alias=schedd03.wn.iihe.ac.be&noUDP&sock=schedd_1873_4cf9>
...
000 (447.006.000) 2024-12-12 17:08:17 Job submitted from host: <192.168.10.147:9618?addrs=192.168.10.147-9618&alias=schedd03.wn.iihe.ac.be&noUDP&sock=schedd_1873_4cf9>
...
000 (447.007.000) 2024-12-12 17:08:17 Job submitted from host: <192.168.10.147:9618?addrs=192.168.10.147-9618&alias=schedd03.wn.iihe.ac.be&noUDP&sock=schedd_1873_4cf9>
...
000 (447.008.000) 2024-12-12 17:08:17 Job submitted from host: <192.168.10.147:9618?addrs=192.168.10.147-9618&alias=schedd03.wn.iihe.ac.be&noUDP&sock=schedd_1873_4cf9>
...
000 (447.009.000) 2024-12-12 17:08:17 Job submitted from host: <192.168.10.147:9618?addrs=192.168.10.147-9618&alias=schedd03.wn.iihe.ac.be&noUDP&sock=schedd_1873_4cf9>
...
001 (447.005.000) 2024-12-12 17:08:40 Job executing on host: <192.168.38.5:9618?addrs=192.168.38.5-9618+[2001-6a8-1080--c-3805]-9618&alias=node38-5.wn.iihe.ac.be&noUDP&sock=startd_5869_396c>
	SlotName: slot1_1@node38-5.wn.iihe.ac.be
	CondorScratchDir = "/scratch/condor/dir_1257781"
	Cpus = 1
	Disk = 457259
	GPUs = 0
	Memory = 100
...
001 (447.000.000) 2024-12-12 17:08:40 Job executing on host: <192.168.33.7:9618?addrs=192.168.33.7-9618+[2001-6a8-1080--c-3307]-9618&alias=node33-7.wn.iihe.ac.be&noUDP&sock=startd_2684_9448>
	SlotName: slot1_11@node33-7.wn.iihe.ac.be
	CondorScratchDir = "/scratch/condor/dir_1110143"
	Cpus = 1
	Disk = 254183
	GPUs = 0
	Memory = 100
...
001 (447.001.000) 2024-12-12 17:08:40 Job executing on host: <192.168.34.9:9618?addrs=192.168.34.9-9618+[2001-6a8-1080--c-3409]-9618&alias=node34-9.wn.iihe.ac.be&noUDP&sock=startd_2726_6342>
	SlotName: slot1_14@node34-9.wn.iihe.ac.be
	CondorScratchDir = "/scratch/condor/dir_731785"
	Cpus = 1
	Disk = 753895
	GPUs = 0
	Memory = 100
...
001 (447.002.000) 2024-12-12 17:08:40 Job executing on host: <192.168.34.8:9618?addrs=192.168.34.8-9618+[2001-6a8-1080--c-3408]-9618&alias=node34-8.wn.iihe.ac.be&noUDP&sock=startd_2744_bbf7>
	SlotName: slot1_13@node34-8.wn.iihe.ac.be
	CondorScratchDir = "/scratch/condor/dir_1216253"
	Cpus = 1
	Disk = 753895
	GPUs = 0
	Memory = 100
...
006 (447.005.000) 2024-12-12 17:08:40 Image size of job updated: 9400
	7  -  MemoryUsage of job (MB)
	6628  -  ResidentSetSize of job (KB)
...
006 (447.001.000) 2024-12-12 17:08:40 Image size of job updated: 6668
	2  -  MemoryUsage of job (MB)
	1280  -  ResidentSetSize of job (KB)
...
006 (447.000.000) 2024-12-12 17:08:40 Image size of job updated: 7100
	2  -  MemoryUsage of job (MB)
	1400  -  ResidentSetSize of job (KB)
...
006 (447.002.000) 2024-12-12 17:08:41 Image size of job updated: 7320
	1  -  MemoryUsage of job (MB)
	948  -  ResidentSetSize of job (KB)
...
005 (447.005.000) 2024-12-12 17:08:41 Job terminated.
	(1) Normal termination (return value 0)
		Usr 0 00:00:00, Sys 0 00:00:00  -  Run Remote Usage
		Usr 0 00:00:00, Sys 0 00:00:00  -  Run Local Usage
		Usr 0 00:00:00, Sys 0 00:00:00  -  Total Remote Usage
		Usr 0 00:00:00, Sys 0 00:00:00  -  Total Local Usage
	0  -  Run Bytes Sent By Job
	0  -  Run Bytes Received By Job
	0  -  Total Bytes Sent By Job
	0  -  Total Bytes Received By Job
	Partitionable Resources :    Usage  Request Allocated 
	   Cpus                 :        0        1         1 
	   Disk (KB)            :   450000   450000    457259 
	   GPUs                 :                           0 
	   Memory (MB)          :        7        1       100 
	   TimeExecute (s)      :        0                    
	   TimeSlotBusy (s)     :        1                    

	Job terminated of its own accord at 2024-12-12T16:08:40Z with exit-code 0.
...
005 (447.001.000) 2024-12-12 17:08:41 Job terminated.
	(1) Normal termination (return value 0)
		Usr 0 00:00:00, Sys 0 00:00:00  -  Run Remote Usage
		Usr 0 00:00:00, Sys 0 00:00:00  -  Run Local Usage
		Usr 0 00:00:00, Sys 0 00:00:00  -  Total Remote Usage
		Usr 0 00:00:00, Sys 0 00:00:00  -  Total Local Usage
	0  -  Run Bytes Sent By Job
	0  -  Run Bytes Received By Job
	0  -  Total Bytes Sent By Job
	0  -  Total Bytes Received By Job
	Partitionable Resources :    Usage  Request Allocated 
	   Cpus                 :                 1         1 
	   Disk (KB)            :   750000   750000    753895 
	   GPUs                 :                           0 
	   Memory (MB)          :        2        1       100 
	   TimeExecute (s)      :        0                    
	   TimeSlotBusy (s)     :        0                    

	Job terminated of its own accord at 2024-12-12T16:08:40Z with exit-code 0.
...
005 (447.000.000) 2024-12-12 17:08:41 Job terminated.
	(1) Normal termination (return value 0)
		Usr 0 00:00:00, Sys 0 00:00:00  -  Run Remote Usage
		Usr 0 00:00:00, Sys 0 00:00:00  -  Run Local Usage
		Usr 0 00:00:00, Sys 0 00:00:00  -  Total Remote Usage
		Usr 0 00:00:00, Sys 0 00:00:00  -  Total Local Usage
	0  -  Run Bytes Sent By Job
	0  -  Run Bytes Received By Job
	0  -  Total Bytes Sent By Job
	0  -  Total Bytes Received By Job
	Partitionable Resources :    Usage  Request Allocated 
	   Cpus                 :                 1         1 
	   Disk (KB)            :   250000   250000    254183 
	   GPUs                 :                           0 
	   Memory (MB)          :        2        1       100 
	   TimeExecute (s)      :        0                    
	   TimeSlotBusy (s)     :        0                    

	Job terminated of its own accord at 2024-12-12T16:08:40Z with exit-code 0.
...
001 (447.004.000) 2024-12-12 17:08:41 Job executing on host: <192.168.38.1:9618?addrs=192.168.38.1-9618+[2001-6a8-1080--c-3801]-9618&alias=node38-1.wn.iihe.ac.be&noUDP&sock=startd_6489_7e24>
	SlotName: slot1_8@node38-1.wn.iihe.ac.be
	CondorScratchDir = "/scratch/condor/dir_3563037"
	Cpus = 1
	Disk = 507374
	GPUs = 0
	Memory = 100
...
005 (447.002.000) 2024-12-12 17:08:41 Job terminated.
	(1) Normal termination (return value 0)
		Usr 0 00:00:00, Sys 0 00:00:00  -  Run Remote Usage
		Usr 0 00:00:00, Sys 0 00:00:00  -  Run Local Usage
		Usr 0 00:00:00, Sys 0 00:00:00  -  Total Remote Usage
		Usr 0 00:00:00, Sys 0 00:00:00  -  Total Local Usage
	0  -  Run Bytes Sent By Job
	0  -  Run Bytes Received By Job
	0  -  Total Bytes Sent By Job
	0  -  Total Bytes Received By Job
	Partitionable Resources :    Usage  Request Allocated 
	   Cpus                 :        0        1         1 
	   Disk (KB)            :   750000   750000    753895 
	   GPUs                 :                           0 
	   Memory (MB)          :        1        1       100 
	   TimeExecute (s)      :        1                    
	   TimeSlotBusy (s)     :        1                    

	Job terminated of its own accord at 2024-12-12T16:08:41Z with exit-code 0.
...
001 (447.006.000) 2024-12-12 17:08:41 Job executing on host: <192.168.38.5:9618?addrs=192.168.38.5-9618+[2001-6a8-1080--c-3805]-9618&alias=node38-5.wn.iihe.ac.be&noUDP&sock=startd_5869_396c>
	SlotName: slot1_3@node38-5.wn.iihe.ac.be
	CondorScratchDir = "/scratch/condor/dir_1257892"
	Cpus = 1
	Disk = 757291
	GPUs = 0
	Memory = 100
...
006 (447.006.000) 2024-12-12 17:08:41 Image size of job updated: 8544
	6  -  MemoryUsage of job (MB)
	5228  -  ResidentSetSize of job (KB)
...
006 (447.004.000) 2024-12-12 17:08:42 Image size of job updated: 6964
	2  -  MemoryUsage of job (MB)
	1556  -  ResidentSetSize of job (KB)
...
001 (447.007.000) 2024-12-12 17:08:42 Job executing on host: <192.168.33.7:9618?addrs=192.168.33.7-9618+[2001-6a8-1080--c-3307]-9618&alias=node33-7.wn.iihe.ac.be&noUDP&sock=startd_2684_9448>
	SlotName: slot1_17@node33-7.wn.iihe.ac.be
	CondorScratchDir = "/scratch/condor/dir_1110540"
	Cpus = 1
	Disk = 753895
	GPUs = 0
	Memory = 100
...
005 (447.006.000) 2024-12-12 17:08:42 Job terminated.
	(1) Normal termination (return value 0)
		Usr 0 00:00:00, Sys 0 00:00:00  -  Run Remote Usage
		Usr 0 00:00:00, Sys 0 00:00:00  -  Run Local Usage
		Usr 0 00:00:00, Sys 0 00:00:00  -  Total Remote Usage
		Usr 0 00:00:00, Sys 0 00:00:00  -  Total Local Usage
	0  -  Run Bytes Sent By Job
	0  -  Run Bytes Received By Job
	0  -  Total Bytes Sent By Job
	0  -  Total Bytes Received By Job
	Partitionable Resources :    Usage  Request Allocated 
	   Cpus                 :                 1         1 
	   Disk (KB)            :   750000   750000    757291 
	   GPUs                 :                           0 
	   Memory (MB)          :        6        1       100 
	   TimeExecute (s)      :        1                    
	   TimeSlotBusy (s)     :        1                    

	Job terminated of its own accord at 2024-12-12T16:08:41Z with exit-code 0.
...
001 (447.009.000) 2024-12-12 17:08:42 Job executing on host: <192.168.34.8:9618?addrs=192.168.34.8-9618+[2001-6a8-1080--c-3408]-9618&alias=node34-8.wn.iihe.ac.be&noUDP&sock=startd_2744_bbf7>
	SlotName: slot1_17@node34-8.wn.iihe.ac.be
	CondorScratchDir = "/scratch/condor/dir_1216378"
	Cpus = 1
	Disk = 753895
	GPUs = 0
	Memory = 100
...
001 (447.008.000) 2024-12-12 17:08:42 Job executing on host: <192.168.34.9:9618?addrs=192.168.34.9-9618+[2001-6a8-1080--c-3409]-9618&alias=node34-9.wn.iihe.ac.be&noUDP&sock=startd_2726_6342>
	SlotName: slot1_17@node34-9.wn.iihe.ac.be
	CondorScratchDir = "/scratch/condor/dir_732120"
	Cpus = 1
	Disk = 753895
	GPUs = 0
	Memory = 100
...
005 (447.004.000) 2024-12-12 17:08:42 Job terminated.
	(1) Normal termination (return value 0)
		Usr 0 00:00:00, Sys 0 00:00:00  -  Run Remote Usage
		Usr 0 00:00:00, Sys 0 00:00:00  -  Run Local Usage
		Usr 0 00:00:00, Sys 0 00:00:00  -  Total Remote Usage
		Usr 0 00:00:00, Sys 0 00:00:00  -  Total Local Usage
	0  -  Run Bytes Sent By Job
	0  -  Run Bytes Received By Job
	0  -  Total Bytes Sent By Job
	0  -  Total Bytes Received By Job
	Partitionable Resources :    Usage  Request Allocated 
	   Cpus                 :        0        1         1 
	   Disk (KB)            :   500000   500000    507374 
	   GPUs                 :                           0 
	   Memory (MB)          :        2        1       100 
	   TimeExecute (s)      :        1                    
	   TimeSlotBusy (s)     :        1                    

	Job terminated of its own accord at 2024-12-12T16:08:42Z with exit-code 0.
...
006 (447.007.000) 2024-12-12 17:08:42 Image size of job updated: 6324
	2  -  MemoryUsage of job (MB)
	1520  -  ResidentSetSize of job (KB)
...
005 (447.007.000) 2024-12-12 17:08:42 Job terminated.
	(1) Normal termination (return value 0)
		Usr 0 00:00:00, Sys 0 00:00:00  -  Run Remote Usage
		Usr 0 00:00:00, Sys 0 00:00:00  -  Run Local Usage
		Usr 0 00:00:00, Sys 0 00:00:00  -  Total Remote Usage
		Usr 0 00:00:00, Sys 0 00:00:00  -  Total Local Usage
	0  -  Run Bytes Sent By Job
	0  -  Run Bytes Received By Job
	0  -  Total Bytes Sent By Job
	0  -  Total Bytes Received By Job
	Partitionable Resources :    Usage  Request Allocated 
	   Cpus                 :                 1         1 
	   Disk (KB)            :   750000   750000    753895 
	   GPUs                 :                           0 
	   Memory (MB)          :        2        1       100 
	   TimeExecute (s)      :        0                    
	   TimeSlotBusy (s)     :        0                    

	Job terminated of its own accord at 2024-12-12T16:08:42Z with exit-code 0.
...
006 (447.008.000) 2024-12-12 17:08:42 Image size of job updated: 6880
	2  -  MemoryUsage of job (MB)
	1596  -  ResidentSetSize of job (KB)
...
006 (447.009.000) 2024-12-12 17:08:42 Image size of job updated: 6852
	2  -  MemoryUsage of job (MB)
	1760  -  ResidentSetSize of job (KB)
...
005 (447.008.000) 2024-12-12 17:08:43 Job terminated.
	(1) Normal termination (return value 0)
		Usr 0 00:00:00, Sys 0 00:00:00  -  Run Remote Usage
		Usr 0 00:00:00, Sys 0 00:00:00  -  Run Local Usage
		Usr 0 00:00:00, Sys 0 00:00:00  -  Total Remote Usage
		Usr 0 00:00:00, Sys 0 00:00:00  -  Total Local Usage
	0  -  Run Bytes Sent By Job
	0  -  Run Bytes Received By Job
	0  -  Total Bytes Sent By Job
	0  -  Total Bytes Received By Job
	Partitionable Resources :    Usage  Request Allocated 
	   Cpus                 :                 1         1 
	   Disk (KB)            :   750000   750000    753895 
	   GPUs                 :                           0 
	   Memory (MB)          :        2        1       100 
	   TimeExecute (s)      :        0                    
	   TimeSlotBusy (s)     :        0                    

	Job terminated of its own accord at 2024-12-12T16:08:42Z with exit-code 0.
...
005 (447.009.000) 2024-12-12 17:08:43 Job terminated.
	(1) Normal termination (return value 0)
		Usr 0 00:00:00, Sys 0 00:00:00  -  Run Remote Usage
		Usr 0 00:00:00, Sys 0 00:00:00  -  Run Local Usage
		Usr 0 00:00:00, Sys 0 00:00:00  -  Total Remote Usage
		Usr 0 00:00:00, Sys 0 00:00:00  -  Total Local Usage
	0  -  Run Bytes Sent By Job
	0  -  Run Bytes Received By Job
	0  -  Total Bytes Sent By Job
	0  -  Total Bytes Received By Job
	Partitionable Resources :    Usage  Request Allocated 
	   Cpus                 :                 1         1 
	   Disk (KB)            :   750000   750000    753895 
	   GPUs                 :                           0 
	   Memory (MB)          :        2        1       100 
	   TimeExecute (s)      :        0                    
	   TimeSlotBusy (s)     :        0                    

	Job terminated of its own accord at 2024-12-12T16:08:42Z with exit-code 0.
...
001 (447.003.000) 2024-12-12 17:08:43 Job executing on host: <192.168.38.4:9618?addrs=192.168.38.4-9618+[2001-6a8-1080--c-3804]-9618&alias=node38-4.wn.iihe.ac.be&noUDP&sock=startd_6112_e6f0>
	SlotName: slot1_14@node38-4.wn.iihe.ac.be
	CondorScratchDir = "/scratch/condor/dir_121971"
	Cpus = 1
	Disk = 757291
	GPUs = 0
	Memory = 100
...
006 (447.003.000) 2024-12-12 17:08:44 Image size of job updated: 7188
	2  -  MemoryUsage of job (MB)
	1400  -  ResidentSetSize of job (KB)
...
005 (447.003.000) 2024-12-12 17:08:44 Job terminated.
	(1) Normal termination (return value 0)
		Usr 0 00:00:00, Sys 0 00:00:01  -  Run Remote Usage
		Usr 0 00:00:00, Sys 0 00:00:00  -  Run Local Usage
		Usr 0 00:00:00, Sys 0 00:00:01  -  Total Remote Usage
		Usr 0 00:00:00, Sys 0 00:00:00  -  Total Local Usage
	0  -  Run Bytes Sent By Job
	0  -  Run Bytes Received By Job
	0  -  Total Bytes Sent By Job
	0  -  Total Bytes Received By Job
	Partitionable Resources :    Usage  Request Allocated 
	   Cpus                 :        0        1         1 
	   Disk (KB)            :   750000   750000    757291 
	   GPUs                 :                           0 
	   Memory (MB)          :        2        1       100 
	   TimeExecute (s)      :        1                    
	   TimeSlotBusy (s)     :        2                    

	Job terminated of its own accord at 2024-12-12T16:08:44Z with exit-code 0.
...
